<?xml version="1.0" encoding="UTF-8"?>
<!-- Generated by org.testng.reporters.JUnitReportReporter -->
<testsuite hostname="Mypc" name="com.orgHrm.tests.multipleRowReading" tests="1" failures="0" timestamp="17 May 2016 17:16:35 GMT" time="2.264" errors="0">
  <testcase name="excelread" time="2.264" classname="com.orgHrm.tests.multipleRowReading"/>
</testsuite> <!-- com.orgHrm.tests.multipleRowReading -->
