<?xml version="1.0" encoding="UTF-8"?>
<!-- Generated by org.testng.reporters.JUnitReportReporter -->
<testsuite hostname="Mypc" name="com.orgHrm.tests.hybrid" tests="1" failures="0" timestamp="21 May 2016 12:05:11 GMT" time="169.812" errors="0">
  <testcase name="hybriddrive" time="169.812" classname="com.orgHrm.tests.hybrid"/>
</testsuite> <!-- com.orgHrm.tests.hybrid -->
