<?xml version="1.0" encoding="UTF-8"?>
<!-- Generated by org.testng.reporters.JUnitReportReporter -->
<testsuite hostname="Mypc" name="testng.userreg" tests="1" failures="0" timestamp="16 May 2016 17:25:39 GMT" time="16.327" errors="0">
  <testcase name="org_userreg" time="16.327" classname="testng.userreg"/>
</testsuite> <!-- testng.userreg -->
