<?xml version="1.0" encoding="UTF-8"?>
<!-- Generated by org.testng.reporters.JUnitReportReporter -->
<testsuite hostname="Mypc" name="pom.logintest" tests="1" failures="0" timestamp="21 May 2016 12:53:26 GMT" time="36.782" errors="0">
  <testcase name="logintest123" time="36.782" classname="pom.logintest"/>
</testsuite> <!-- pom.logintest -->
