<?xml version="1.0" encoding="UTF-8"?>
<!-- Generated by org.testng.reporters.JUnitReportReporter -->
<testsuite hostname="Mypc" name="testng.basicannotations" tests="3" failures="0" timestamp="13 May 2016 17:31:32 GMT" time="0.032" errors="0">
  <testcase name="a" time="0.005" classname="testng.basicannotations"/>
  <testcase name="function2" time="0.004" classname="testng.basicannotations"/>
  <testcase name="function1" time="0.023" classname="testng.basicannotations"/>
</testsuite> <!-- testng.basicannotations -->
