<?xml version="1.0" encoding="UTF-8"?>
<!-- Generated by org.testng.reporters.JUnitReportReporter -->
<testsuite hostname="Mypc" name="com.orgHrm.tests.datadriveneg2" tests="1" failures="0" timestamp="19 May 2016 17:25:30 GMT" time="157.560" errors="0">
  <testcase name="usereg" time="157.560" classname="com.orgHrm.tests.datadriveneg2"/>
</testsuite> <!-- com.orgHrm.tests.datadriveneg2 -->
