<?xml version="1.0" encoding="UTF-8"?>
<!-- Generated by org.testng.reporters.JUnitReportReporter -->
<testsuite hostname="Mypc" name="Grid.grid2" tests="2" failures="0" timestamp="21 May 2016 14:02:47 GMT" time="117.930" errors="0">
  <testcase name="grid2" time="76.877" classname="Grid.grid2"/>
  <testcase name="grid2" time="41.053" classname="Grid.grid2"/>
</testsuite> <!-- Grid.grid2 -->
