<?xml version="1.0" encoding="UTF-8"?>
<!-- Generated by org.testng.reporters.JUnitReportReporter -->
<testsuite hostname="Mypc" name="testng.empregtest" tests="1" failures="0" timestamp="16 May 2016 17:25:39 GMT" time="17.454" errors="0">
  <testcase name="org_empreg" time="17.454" classname="testng.empregtest"/>
</testsuite> <!-- testng.empregtest -->
