<?xml version="1.0" encoding="UTF-8"?>
<!-- Generated by org.testng.reporters.JUnitReportReporter -->
<testsuite hostname="Mypc" name="Grid.grideg1" tests="1" failures="0" timestamp="21 May 2016 13:44:01 GMT" time="22.943" errors="0">
  <testcase name="grid" time="22.943" classname="Grid.grideg1"/>
</testsuite> <!-- Grid.grideg1 -->
