<?xml version="1.0" encoding="UTF-8"?>
<!-- Generated by org.testng.reporters.JUnitReportReporter -->
<testsuite hostname="Mypc" name="com.orgHrm.tests.excelops" tests="1" failures="0" timestamp="17 May 2016 17:05:39 GMT" time="2.272" errors="0">
  <testcase name="excel" time="2.272" classname="com.orgHrm.tests.excelops"/>
</testsuite> <!-- com.orgHrm.tests.excelops -->
