<?xml version="1.0" encoding="UTF-8"?>
<!-- Generated by org.testng.reporters.JUnitReportReporter -->
<testsuite hostname="Mypc" name="keyword.driverscript" tests="1" failures="0" timestamp="20 May 2016 17:39:42 GMT" time="132.375" errors="0">
  <testcase name="keyword" time="132.375" classname="keyword.driverscript"/>
</testsuite> <!-- keyword.driverscript -->
