<?xml version="1.0" encoding="UTF-8"?>
<!-- Generated by org.testng.reporters.JUnitReportReporter -->
<testsuite hostname="Mypc" name="com.orgHrm.tests.datadriven" tests="1" failures="0" timestamp="19 May 2016 17:09:23 GMT" time="115.607" errors="0">
  <testcase name="empreg" time="115.607" classname="com.orgHrm.tests.datadriven"/>
</testsuite> <!-- com.orgHrm.tests.datadriven -->
