<?xml version="1.0" encoding="UTF-8"?>
<!-- Generated by org.testng.reporters.JUnitReportReporter -->
<testsuite hostname="Mypc" name="com.orgHrm.tests.excelwrite" tests="1" failures="0" timestamp="17 May 2016 17:32:04 GMT" time="2.575" errors="0">
  <testcase name="excelwriteops" time="2.575" classname="com.orgHrm.tests.excelwrite"/>
</testsuite> <!-- com.orgHrm.tests.excelwrite -->
